<?xml version="1.0" encoding="UTF-8" ?>
<testsuite tests="2" failures="2" name="TestNG.Miji.TestEmployeeDetails" time="0" errors="0" skipped="0">
  <properties>
[...]
</properties>
  <testcase classname="TestNG.Miji.TestEmployeeDetails" name="TestNG.Miji.TestEmployeeDetails.testCalculateAppriasal" time="0">
    <failure message="expected:&lt;500&gt; but was:&lt;500.0&gt;" type="junit.framework.AssertionFailedError">junit.framework.AssertionFailedError: expected:&lt;500&gt; but was:&lt;500.0&gt;
	at junit.framework.Assert.fail(Assert.java:47)
	at junit.framework.Assert.failNotEquals(Assert.java:282)
	at junit.framework.Assert.assertEquals(Assert.java:64)
	at junit.framework.Assert.assertEquals(Assert.java:71)
	at TestNG.Miji.TestEmployeeDetails.testCalculateAppriasal(TestEmployeeDetails.java:21)
</failure>
  </testcase>
  <testcase classname="TestNG.Miji.TestEmployeeDetails" name="TestNG.Miji.TestEmployeeDetails.testCalculateYearlySalary" time="0">
    <failure message="expected:&lt;96000&gt; but was:&lt;96000.0&gt;" type="junit.framework.AssertionFailedError">junit.framework.AssertionFailedError: expected:&lt;96000&gt; but was:&lt;96000.0&gt;
	at junit.framework.Assert.fail(Assert.java:47)
	at junit.framework.Assert.failNotEquals(Assert.java:282)
	at junit.framework.Assert.assertEquals(Assert.java:64)
	at junit.framework.Assert.assertEquals(Assert.java:71)
	at TestNG.Miji.TestEmployeeDetails.testCalculateYearlySalary(TestEmployeeDetails.java:32)
</failure>
  </testcase>
</testsuite>